PID: 37980 | Job: scheduled task 032 | Duration: 33s | Start: 11:35:23 | End: 11:35:56 | Status: OK
PID: 57672 | Job: scheduled task 796 | Duration: 7s | Start: 11:36:11 | End: 11:36:18 | Status: OK
PID: 10515 | Job: scheduled task 386 | Duration: 111s | Start: 11:38:33 | End: 11:40:24 | Status: OK
PID: 23118 | Job: scheduled task 188 | Duration: 39s | Start: 11:40:49 | End: 11:41:28 | Status: OK
PID: 60134 | Job: background job ulp | Duration: 44s | Start: 11:41:11 | End: 11:41:55 | Status: OK
PID: 90962 | Job: scheduled task 996 | Duration: 115s | Start: 11:40:51 | End: 11:42:46 | Status: OK
PID: 90812 | Job: background job dej | Duration: 246s | Start: 11:39:26 | End: 11:43:32 | Status: OK
PID: 75164 | Job: scheduled task 173 | Duration: 64s | Start: 11:45:47 | End: 11:46:51 | Status: OK
PID: 36709 | Job: background job djw | Duration: 50s | Start: 11:47:04 | End: 11:47:54 | Status: OK
PID: 26831 | Job: scheduled task 538 | Duration: 132s | Start: 11:46:04 | End: 11:48:16 | Status: OK
PID: 47139 | Job: scheduled task 946 | Duration: 206s | Start: 11:44:56 | End: 11:48:22 | Status: OK
PID: 39547 | Job: scheduled task 051 | Duration: 689s | Start: 11:37:53 | End: 11:49:22 | Status: ERROR
PID: 45135 | Job: scheduled task 515 | Duration: 743s | Start: 11:37:14 | End: 11:49:37 | Status: ERROR
PID: 32904 | Job: scheduled task 697 | Duration: 34s | Start: 11:49:12 | End: 11:49:46 | Status: OK
PID: 71766 | Job: scheduled task 074 | Duration: 347s | Start: 11:45:04 | End: 11:50:51 | Status: WARNING
PID: 24799 | Job: scheduled task 536 | Duration: 7s | Start: 11:51:21 | End: 11:51:28 | Status: OK
PID: 81258 | Job: background job wmy | Duration: 886s | Start: 11:36:58 | End: 11:51:44 | Status: ERROR
PID: 32674 | Job: scheduled task 626 | Duration: 86s | Start: 11:51:06 | End: 11:52:32 | Status: OK
PID: 38579 | Job: background job you | Duration: 213s | Start: 11:50:09 | End: 11:53:42 | Status: OK
PID: 87228 | Job: scheduled task 268 | Duration: 568s | Start: 11:44:25 | End: 11:53:53 | Status: WARNING
PID: 50295 | Job: scheduled task 811 | Duration: 395s | Start: 11:48:45 | End: 11:55:20 | Status: WARNING
PID: 55722 | Job: background job cmx | Duration: 47s | Start: 11:54:56 | End: 11:55:43 | Status: OK
PID: 33528 | Job: scheduled task 706 | Duration: 202s | Start: 11:52:47 | End: 11:56:09 | Status: OK
PID: 27222 | Job: scheduled task 294 | Duration: 368s | Start: 11:50:07 | End: 11:56:15 | Status: WARNING
PID: 64591 | Job: scheduled task 521 | Duration: 110s | Start: 11:57:05 | End: 11:58:55 | Status: OK
PID: 67833 | Job: scheduled task 080 | Duration: 215s | Start: 11:57:16 | End: 12:00:51 | Status: OK
PID: 87570 | Job: scheduled task 794 | Duration: 473s | Start: 11:53:57 | End: 12:01:50 | Status: WARNING
PID: 99672 | Job: background job sqm | Duration: 313s | Start: 11:57:08 | End: 12:02:21 | Status: WARNING
PID: 96183 | Job: scheduled task 678 | Duration: 254s | Start: 11:58:12 | End: 12:02:26 | Status: OK
PID: 16168 | Job: scheduled task 773 | Duration: 16s | Start: 12:02:39 | End: 12:02:55 | Status: OK
PID: 34189 | Job: scheduled task 920 | Duration: 199s | Start: 11:59:43 | End: 12:03:02 | Status: OK
PID: 86716 | Job: background job xfg | Duration: 334s | Start: 11:59:29 | End: 12:05:03 | Status: WARNING
PID: 22003 | Job: scheduled task 004 | Duration: 673s | Start: 11:55:29 | End: 12:06:42 | Status: ERROR
PID: 85742 | Job: scheduled task 064 | Duration: 737s | Start: 11:55:16 | End: 12:07:33 | Status: ERROR
PID: 81470 | Job: background job wiy | Duration: 63s | Start: 12:08:30 | End: 12:09:33 | Status: OK
PID: 98746 | Job: scheduled task 746 | Duration: 437s | Start: 12:04:18 | End: 12:11:35 | Status: WARNING
PID: 39860 | Job: scheduled task 460 | Duration: 1192s | Start: 11:53:17 | End: 12:13:09 | Status: ERROR
PID: 52532 | Job: background job tqc | Duration: 833s | Start: 12:00:03 | End: 12:13:56 | Status: ERROR
PID: 62922 | Job: scheduled task 531 | Duration: 49s | Start: 12:14:20 | End: 12:15:09 | Status: OK
PID: 62401 | Job: scheduled task 936 | Duration: 624s | Start: 12:05:59 | End: 12:16:23 | Status: ERROR
PID: 23703 | Job: scheduled task 374 | Duration: 806s | Start: 12:04:57 | End: 12:18:23 | Status: ERROR
PID: 70808 | Job: scheduled task 182 | Duration: 2023s | Start: 11:44:43 | End: 12:18:26 | Status: ERROR
PID: 24482 | Job: scheduled task 672 | Duration: 516s | Start: 12:10:38 | End: 12:19:14 | Status: WARNING
